[0m[[0m[0mdebug[0m] [0m[0m> Exec(;Test/compile; collectAnalyses, None, Some(CommandSource(network-1)))[0m
[0m[[0m[0mdebug[0m] [0m[0munmatched Processing event for requestId None: None[0m
[0m[[0m[0mdebug[0m] [0m[0munmatched Done event for requestId None: None[0m
[0m[[0m[0mdebug[0m] [0m[0m> Exec(Test/compile, None, Some(CommandSource(network-1)))[0m
[0m[[0m[0mdebug[0m] [0m[0munmatched Processing event for requestId None: None[0m
[0m[[0m[0mdebug[0m] [0m[0mEvaluating tasks: Test / compile[0m
[0m[[0m[0mdebug[0m] [0m[0mRunning task... Cancel: Signal, check cycles: false, forcegc: true[0m
[0m[[0m[0mdebug[0m] [0m[0mjsonRpcNotify: JsonRpcNotificationMessage(2.0, build/taskStart, {"taskId":{"id":"6","parents":[]},"eventTime":1646524582962,"message":"Compiling root","dataKind":"compile-task","data":{"target":{"uri":"file:/C:/Users/98jjm/OneDrive/Documents/_VSCODE/Cognizant_Use_Case/cognizantUseCase/#root/Compile"}}})[0m
[0m[[0m[0minfo[0m] [0m[0mcompiling 1 Scala source to C:\Users\98jjm\OneDrive\Documents\_VSCODE\Cognizant_Use_Case\cognizantUseCase\target\scala-2.11\classes ...[0m
[0m[[0m[0mdebug[0m] [0m[0mjsonRpcNotify: JsonRpcNotificationMessage(2.0, build/logMessage, {"type":3,"message":"compiling 1 Scala source to C:\\Users\\98jjm\\OneDrive\\Documents\\_VSCODE\\Cognizant_Use_Case\\cognizantUseCase\\target\\scala-2.11\\classes ..."})[0m
[0m[[0m[0mdebug[0m] [0m[0mjsonRpcNotify: JsonRpcNotificationMessage(2.0, build/publishDiagnostics, {"textDocument":{"uri":"file:///C:/Users/98jjm/OneDrive/Documents/_VSCODE/Cognizant_Use_Case/cognizantUseCase/src/main/scala/example/main.scala"},"buildTarget":{"uri":"file:/C:/Users/98jjm/OneDrive/Documents/_VSCODE/Cognizant_Use_Case/cognizantUseCase/#root/Compile"},"diagnostics":[{"range":{"start":{"line":25,"character":14},"end":{"line":25,"character":15}},"severity":1,"source":"sbt","message":"not found: value SparkSession"}],"reset":false})[0m
[0m[[0m[31merror[0m] [0m[0mC:\Users\98jjm\OneDrive\Documents\_VSCODE\Cognizant_Use_Case\cognizantUseCase\src\main\scala\example\main.scala:26:15: not found: value SparkSession[0m
[0m[[0m[31merror[0m] [0m[0m  val spark = SparkSession[0m
[0m[[0m[31merror[0m] [0m[0m              ^[0m
[0m[[0m[0mdebug[0m] [0m[0mjsonRpcNotify: JsonRpcNotificationMessage(2.0, build/logMessage, {"type":1,"message":"C:\\Users\\98jjm\\OneDrive\\Documents\\_VSCODE\\Cognizant_Use_Case\\cognizantUseCase\\src\\main\\scala\\example\\main.scala:26:15: not found: value SparkSession"})[0m
[0m[[0m[0mdebug[0m] [0m[0mjsonRpcNotify: JsonRpcNotificationMessage(2.0, build/logMessage, {"type":1,"message":"  val spark = SparkSession"})[0m
[0m[[0m[0mdebug[0m] [0m[0mjsonRpcNotify: JsonRpcNotificationMessage(2.0, build/logMessage, {"type":1,"message":"              ^"})[0m
[0m[[0m[0mdebug[0m] [0m[0mjsonRpcNotify: JsonRpcNotificationMessage(2.0, build/publishDiagnostics, {"textDocument":{"uri":"file:///C:/Users/98jjm/OneDrive/Documents/_VSCODE/Cognizant_Use_Case/cognizantUseCase/src/main/scala/example/main.scala"},"buildTarget":{"uri":"file:/C:/Users/98jjm/OneDrive/Documents/_VSCODE/Cognizant_Use_Case/cognizantUseCase/#root/Compile"},"diagnostics":[{"range":{"start":{"line":34,"character":23},"end":{"line":34,"character":24}},"severity":1,"source":"sbt","message":"not found: type StructType"}],"reset":false})[0m
[0m[[0m[31merror[0m] [0m[0mC:\Users\98jjm\OneDrive\Documents\_VSCODE\Cognizant_Use_Case\cognizantUseCase\src\main\scala\example\main.scala:35:24: not found: type StructType[0m
[0m[[0m[31merror[0m] [0m[0m  val mainSchema = new StructType()[0m
[0m[[0m[31merror[0m] [0m[0m                       ^[0m
[0m[[0m[0mdebug[0m] [0m[0mjsonRpcNotify: JsonRpcNotificationMessage(2.0, build/logMessage, {"type":1,"message":"C:\\Users\\98jjm\\OneDrive\\Documents\\_VSCODE\\Cognizant_Use_Case\\cognizantUseCase\\src\\main\\scala\\example\\main.scala:35:24: not found: type StructType"})[0m
[0m[[0m[0mdebug[0m] [0m[0mjsonRpcNotify: JsonRpcNotificationMessage(2.0, build/logMessage, {"type":1,"message":"  val mainSchema = new StructType()"})[0m
[0m[[0m[0mdebug[0m] [0m[0mjsonRpcNotify: JsonRpcNotificationMessage(2.0, build/logMessage, {"type":1,"message":"                       ^"})[0m
[0m[[0m[0mdebug[0m] [0m[0mjsonRpcNotify: JsonRpcNotificationMessage(2.0, build/publishDiagnostics, {"textDocument":{"uri":"file:///C:/Users/98jjm/OneDrive/Documents/_VSCODE/Cognizant_Use_Case/cognizantUseCase/src/main/scala/example/main.scala"},"buildTarget":{"uri":"file:/C:/Users/98jjm/OneDrive/Documents/_VSCODE/Cognizant_Use_Case/cognizantUseCase/#root/Compile"},"diagnostics":[{"range":{"start":{"line":35,"character":25},"end":{"line":35,"character":26}},"severity":1,"source":"sbt","message":"not found: value IntegerType"}],"reset":false})[0m
[0m[[0m[31merror[0m] [0m[0mC:\Users\98jjm\OneDrive\Documents\_VSCODE\Cognizant_Use_Case\cognizantUseCase\src\main\scala\example\main.scala:36:26: not found: value IntegerType[0m
[0m[[0m[31merror[0m] [0m[0m    .add("RecordNumber", IntegerType, true)[0m
[0m[[0m[31merror[0m] [0m[0m                         ^[0m
[0m[[0m[0mdebug[0m] [0m[0mjsonRpcNotify: JsonRpcNotificationMessage(2.0, build/logMessage, {"type":1,"message":"C:\\Users\\98jjm\\OneDrive\\Documents\\_VSCODE\\Cognizant_Use_Case\\cognizantUseCase\\src\\main\\scala\\example\\main.scala:36:26: not found: value IntegerType"})[0m
[0m[[0m[0mdebug[0m] [0m[0mjsonRpcNotify: JsonRpcNotificationMessage(2.0, build/logMessage, {"type":1,"message":"    .add(\"RecordNumber\", IntegerType, true)"})[0m
[0m[[0m[0mdebug[0m] [0m[0mjsonRpcNotify: JsonRpcNotificationMessage(2.0, build/logMessage, {"type":1,"message":"                         ^"})[0m
[0m[[0m[0mdebug[0m] [0m[0mjsonRpcNotify: JsonRpcNotificationMessage(2.0, build/publishDiagnostics, {"textDocument":{"uri":"file:///C:/Users/98jjm/OneDrive/Documents/_VSCODE/Cognizant_Use_Case/cognizantUseCase/src/main/scala/example/main.scala"},"buildTarget":{"uri":"file:/C:/Users/98jjm/OneDrive/Documents/_VSCODE/Cognizant_Use_Case/cognizantUseCase/#root/Compile"},"diagnostics":[{"range":{"start":{"line":36,"character":20},"end":{"line":36,"character":21}},"severity":1,"source":"sbt","message":"not found: value IntegerType"}],"reset":false})[0m
[0m[[0m[31merror[0m] [0m[0mC:\Users\98jjm\OneDrive\Documents\_VSCODE\Cognizant_Use_Case\cognizantUseCase\src\main\scala\example\main.scala:37:21: not found: value IntegerType[0m
[0m[[0m[31merror[0m] [0m[0m    .add("Zipcode", IntegerType, true)[0m
[0m[[0m[31merror[0m] [0m[0m                    ^[0m
[0m[[0m[0mdebug[0m] [0m[0mjsonRpcNotify: JsonRpcNotificationMessage(2.0, build/logMessage, {"type":1,"message":"C:\\Users\\98jjm\\OneDrive\\Documents\\_VSCODE\\Cognizant_Use_Case\\cognizantUseCase\\src\\main\\scala\\example\\main.scala:37:21: not found: value IntegerType"})[0m
[0m[[0m[0mdebug[0m] [0m[0mjsonRpcNotify: JsonRpcNotificationMessage(2.0, build/logMessage, {"type":1,"message":"    .add(\"Zipcode\", IntegerType, true)"})[0m
[0m[[0m[0mdebug[0m] [0m[0mjsonRpcNotify: JsonRpcNotificationMessage(2.0, build/logMessage, {"type":1,"message":"                    ^"})[0m
[0m[[0m[0mdebug[0m] [0m[0mjsonRpcNotify: JsonRpcNotificationMessage(2.0, build/publishDiagnostics, {"textDocument":{"uri":"file:///C:/Users/98jjm/OneDrive/Documents/_VSCODE/Cognizant_Use_Case/cognizantUseCase/src/main/scala/example/main.scala"},"buildTarget":{"uri":"file:/C:/Users/98jjm/OneDrive/Documents/_VSCODE/Cognizant_Use_Case/cognizantUseCase/#root/Compile"},"diagnostics":[{"range":{"start":{"line":37,"character":24},"end":{"line":37,"character":25}},"severity":1,"source":"sbt","message":"not found: value StringType"}],"reset":false})[0m
[0m[[0m[31merror[0m] [0m[0mC:\Users\98jjm\OneDrive\Documents\_VSCODE\Cognizant_Use_Case\cognizantUseCase\src\main\scala\example\main.scala:38:25: not found: value StringType[0m
[0m[[0m[31merror[0m] [0m[0m    .add("ZipCodeType", StringType, true)[0m
[0m[[0m[31merror[0m] [0m[0m                        ^[0m
[0m[[0m[0mdebug[0m] [0m[0mjsonRpcNotify: JsonRpcNotificationMessage(2.0, build/logMessage, {"type":1,"message":"C:\\Users\\98jjm\\OneDrive\\Documents\\_VSCODE\\Cognizant_Use_Case\\cognizantUseCase\\src\\main\\scala\\example\\main.scala:38:25: not found: value StringType"})[0m
[0m[[0m[0mdebug[0m] [0m[0mjsonRpcNotify: JsonRpcNotificationMessage(2.0, build/logMessage, {"type":1,"message":"    .add(\"ZipCodeType\", StringType, true)"})[0m
[0m[[0m[0mdebug[0m] [0m[0mjsonRpcNotify: JsonRpcNotificationMessage(2.0, build/logMessage, {"type":1,"message":"                        ^"})[0m
[0m[[0m[0mdebug[0m] [0m[0mjsonRpcNotify: JsonRpcNotificationMessage(2.0, build/publishDiagnostics, {"textDocument":{"uri":"file:///C:/Users/98jjm/OneDrive/Documents/_VSCODE/Cognizant_Use_Case/cognizantUseCase/src/main/scala/example/main.scala"},"buildTarget":{"uri":"file:/C:/Users/98jjm/OneDrive/Documents/_VSCODE/Cognizant_Use_Case/cognizantUseCase/#root/Compile"},"diagnostics":[{"range":{"start":{"line":48,"character":4},"end":{"line":48,"character":5}},"severity":1,"source":"sbt","message":"not found: value df"}],"reset":false})[0m
[0m[[0m[31merror[0m] [0m[0mC:\Users\98jjm\OneDrive\Documents\_VSCODE\Cognizant_Use_Case\cognizantUseCase\src\main\scala\example\main.scala:49:5: not found: value df[0m
[0m[[0m[31merror[0m] [0m[0m    df.coalesce(1)[0m
[0m[[0m[31merror[0m] [0m[0m    ^[0m
[0m[[0m[0mdebug[0m] [0m[0mjsonRpcNotify: JsonRpcNotificationMessage(2.0, build/logMessage, {"type":1,"message":"C:\\Users\\98jjm\\OneDrive\\Documents\\_VSCODE\\Cognizant_Use_Case\\cognizantUseCase\\src\\main\\scala\\example\\main.scala:49:5: not found: value df"})[0m
[0m[[0m[0mdebug[0m] [0m[0mjsonRpcNotify: JsonRpcNotificationMessage(2.0, build/logMessage, {"type":1,"message":"    df.coalesce(1)"})[0m
[0m[[0m[0mdebug[0m] [0m[0mjsonRpcNotify: JsonRpcNotificationMessage(2.0, build/logMessage, {"type":1,"message":"    ^"})[0m
[0m[[0m[0mdebug[0m] [0m[0mjsonRpcNotify: JsonRpcNotificationMessage(2.0, build/publishDiagnostics, {"textDocument":{"uri":"file:///C:/Users/98jjm/OneDrive/Documents/_VSCODE/Cognizant_Use_Case/cognizantUseCase/src/main/scala/example/main.scala"},"buildTarget":{"uri":"file:/C:/Users/98jjm/OneDrive/Documents/_VSCODE/Cognizant_Use_Case/cognizantUseCase/#root/Compile"},"diagnostics":[{"range":{"start":{"line":51,"character":18},"end":{"line":51,"character":19}},"severity":1,"source":"sbt","message":"not found: value folderPath"}],"reset":false})[0m
[0m[[0m[31merror[0m] [0m[0mC:\Users\98jjm\OneDrive\Documents\_VSCODE\Cognizant_Use_Case\cognizantUseCase\src\main\scala\example\main.scala:52:19: not found: value folderPath[0m
[0m[[0m[31merror[0m] [0m[0m      .Parquet(s"$folderPath")[0m
[0m[[0m[31merror[0m] [0m[0m                  ^[0m
[0m[[0m[0mdebug[0m] [0m[0mjsonRpcNotify: JsonRpcNotificationMessage(2.0, build/logMessage, {"type":1,"message":"C:\\Users\\98jjm\\OneDrive\\Documents\\_VSCODE\\Cognizant_Use_Case\\cognizantUseCase\\src\\main\\scala\\example\\main.scala:52:19: not found: value folderPath"})[0m
[0m[[0m[0mdebug[0m] [0m[0mjsonRpcNotify: JsonRpcNotificationMessage(2.0, build/logMessage, {"type":1,"message":"      .Parquet(s\"$folderPath\")"})[0m
[0m[[0m[0mdebug[0m] [0m[0mjsonRpcNotify: JsonRpcNotificationMessage(2.0, build/logMessage, {"type":1,"message":"                  ^"})[0m
[0m[[0m[31merror[0m] [0m[0m7 errors found[0m
[0m[[0m[0mdebug[0m] [0m[0mjsonRpcNotify: JsonRpcNotificationMessage(2.0, build/logMessage, {"type":1,"message":"7 errors found"})[0m
[0m[[0m[0mdebug[0m] [0m[0mjsonRpcNotify: JsonRpcNotificationMessage(2.0, build/publishDiagnostics, {"textDocument":{"uri":"file:///C:/Users/98jjm/OneDrive/Documents/_VSCODE/Cognizant_Use_Case/cognizantUseCase/src/main/scala/example/main.scala"},"buildTarget":{"uri":"file:/C:/Users/98jjm/OneDrive/Documents/_VSCODE/Cognizant_Use_Case/cognizantUseCase/#root/Compile"},"diagnostics":[{"range":{"start":{"line":25,"character":14},"end":{"line":25,"character":15}},"severity":1,"source":"sbt","message":"not found: value SparkSession"},{"range":{"start":{"line":34,"character":23},"end":{"line":34,"character":24}},"severity":1,"source":"sbt","message":"not found: type StructType"},{"range":{"start":{"line":35,"character":25},"end":{"line":35,"character":26}},"severity":1,"source":"sbt","message":"not found: value IntegerType"},{"range":{"start":{"line":36,"character":20},"end":{"line":36,"character":21}},"severity":1,"source":"sbt","message":"not found: value IntegerType"},{"range":{"start":{"line":37,"character":24},"end":{"line":37,"character":25}},"severity":1,"source":"sbt","message":"not found: value StringType"},{"range":{"start":{"line":48,"character":4},"end":{"line":48,"character":5}},"severity":1,"source":"sbt","message":"not found: value df"},{"range":{"start":{"line":51,"character":18},"end":{"line":51,"character":19}},"severity":1,"source":"sbt","message":"not found: value folderPath"}],"reset":true})[0m
[0m[[0m[0mdebug[0m] [0m[0mjsonRpcNotify: JsonRpcNotificationMessage(2.0, build/taskFinish, {"taskId":{"id":"6","parents":[]},"eventTime":1646524583236,"message":"Compiled root","status":2,"dataKind":"compile-report","data":{"target":{"uri":"file:/C:/Users/98jjm/OneDrive/Documents/_VSCODE/Cognizant_Use_Case/cognizantUseCase/#root/Compile"},"errors":7,"warnings":0,"time":274}})[0m
[0m[[0m[0mdebug[0m] [0m[0munmatched json error for requestId None: {"code":-32603,"message":"(Compile / \u001b[31mcompileIncremental\u001b[0m) Compilation failed"}[0m
[0m[[0m[31merror[0m] [0m[0m(Compile / [31mcompileIncremental[0m) Compilation failed[0m
[0m[[0m[0mdebug[0m] [0m[0mjsonRpcNotify: JsonRpcNotificationMessage(2.0, build/logMessage, {"type":1,"message":"(Compile / \u001b[31mcompileIncremental\u001b[0m) Compilation failed"})[0m
[0m[[0m[31merror[0m] [0m[0mTotal time: 0 s, completed Mar 5, 2022, 6:56:23 PM[0m
[0m[[0m[0mdebug[0m] [0m[0munmatched Done event for requestId None: None[0m
[0m[[0m[0mdebug[0m] [0m[0m> Exec(shell, None, None)[0m
[0m[[0m[0mdebug[0m] [0m[0msymbol RecordNumber[0m
[0m[[0m[0mdebug[0m] [0m[0mlsp-definition locations Vector()[0m
[0m[[0m[0mdebug[0m] [0m[0mUnhandled notification received: $/setTraceNotification: JsonRpcNotificationMessage(2.0, $/setTraceNotification, {"value":"off"})[0m
[0m[[0m[0mdebug[0m] [0m[0mUnhandled notification received: $/setTraceNotification: JsonRpcNotificationMessage(2.0, $/setTraceNotification, {"value":"off"})[0m
