[0m[[0m[0mdebug[0m] [0m[0m> Exec(;Test/compile; collectAnalyses, None, Some(CommandSource(network-1)))[0m
[0m[[0m[0mdebug[0m] [0m[0munmatched Processing event for requestId None: None[0m
[0m[[0m[0mdebug[0m] [0m[0munmatched Done event for requestId None: None[0m
[0m[[0m[0mdebug[0m] [0m[0m> Exec(Test/compile, None, Some(CommandSource(network-1)))[0m
[0m[[0m[0mdebug[0m] [0m[0munmatched Processing event for requestId None: None[0m
[0m[[0m[0mdebug[0m] [0m[0mEvaluating tasks: Test / compile[0m
[0m[[0m[0mdebug[0m] [0m[0mRunning task... Cancel: Signal, check cycles: false, forcegc: true[0m
[0m[[0m[0mdebug[0m] [0m[0mjsonRpcNotify: JsonRpcNotificationMessage(2.0, build/taskStart, {"taskId":{"id":"3","parents":[]},"eventTime":1646429602039,"message":"Compiling root","dataKind":"compile-task","data":{"target":{"uri":"file:/C:/Users/98jjm/OneDrive/Documents/_VSCODE/Cognizant_Use_Case/cognizantUseCase/#root/Compile"}}})[0m
[0m[[0m[0minfo[0m] [0m[0mcompiling 1 Scala source to C:\Users\98jjm\OneDrive\Documents\_VSCODE\Cognizant_Use_Case\cognizantUseCase\target\scala-2.11\classes ...[0m
[0m[[0m[0mdebug[0m] [0m[0mjsonRpcNotify: JsonRpcNotificationMessage(2.0, build/logMessage, {"type":3,"message":"compiling 1 Scala source to C:\\Users\\98jjm\\OneDrive\\Documents\\_VSCODE\\Cognizant_Use_Case\\cognizantUseCase\\target\\scala-2.11\\classes ..."})[0m
[0m[[0m[0minfo[0m] [0m[0mNon-compiled module 'compiler-bridge_2.11' for Scala 2.11.8. Compiling...[0m
[0m[[0m[0mdebug[0m] [0m[0mjsonRpcNotify: JsonRpcNotificationMessage(2.0, build/logMessage, {"type":3,"message":"Non-compiled module 'compiler-bridge_2.11' for Scala 2.11.8. Compiling..."})[0m
[0m[[0m[0minfo[0m] [0m[0m  Compilation completed in 7.03s.[0m
[0m[[0m[0mdebug[0m] [0m[0mjsonRpcNotify: JsonRpcNotificationMessage(2.0, build/logMessage, {"type":3,"message":"  Compilation completed in 7.03s."})[0m
[0m[[0m[0mdebug[0m] [0m[0mjsonRpcNotify: JsonRpcNotificationMessage(2.0, build/publishDiagnostics, {"textDocument":{"uri":"file:///C:/Users/98jjm/OneDrive/Documents/_VSCODE/Cognizant_Use_Case/cognizantUseCase/src/main/scala/example/main.scala"},"buildTarget":{"uri":"file:/C:/Users/98jjm/OneDrive/Documents/_VSCODE/Cognizant_Use_Case/cognizantUseCase/#root/Compile"},"diagnostics":[{"range":{"start":{"line":25,"character":14},"end":{"line":25,"character":15}},"severity":1,"source":"sbt","message":"not found: value SparkSession"}],"reset":false})[0m
[0m[[0m[31merror[0m] [0m[0mC:\Users\98jjm\OneDrive\Documents\_VSCODE\Cognizant_Use_Case\cognizantUseCase\src\main\scala\example\main.scala:26:15: not found: value SparkSession[0m
[0m[[0m[31merror[0m] [0m[0m  val spark = SparkSession[0m
[0m[[0m[31merror[0m] [0m[0m              ^[0m
[0m[[0m[0mdebug[0m] [0m[0mjsonRpcNotify: JsonRpcNotificationMessage(2.0, build/logMessage, {"type":1,"message":"C:\\Users\\98jjm\\OneDrive\\Documents\\_VSCODE\\Cognizant_Use_Case\\cognizantUseCase\\src\\main\\scala\\example\\main.scala:26:15: not found: value SparkSession"})[0m
[0m[[0m[0mdebug[0m] [0m[0mjsonRpcNotify: JsonRpcNotificationMessage(2.0, build/logMessage, {"type":1,"message":"  val spark = SparkSession"})[0m
[0m[[0m[0mdebug[0m] [0m[0mjsonRpcNotify: JsonRpcNotificationMessage(2.0, build/logMessage, {"type":1,"message":"              ^"})[0m
[0m[[0m[0mdebug[0m] [0m[0mjsonRpcNotify: JsonRpcNotificationMessage(2.0, build/publishDiagnostics, {"textDocument":{"uri":"file:///C:/Users/98jjm/OneDrive/Documents/_VSCODE/Cognizant_Use_Case/cognizantUseCase/src/main/scala/example/main.scala"},"buildTarget":{"uri":"file:/C:/Users/98jjm/OneDrive/Documents/_VSCODE/Cognizant_Use_Case/cognizantUseCase/#root/Compile"},"diagnostics":[{"range":{"start":{"line":45,"character":9},"end":{"line":45,"character":10}},"severity":1,"source":"sbt","message":"value Parquet is not a member of org.apache.spark.sql.DataFrameWriter[org.apache.spark.sql.Row]\npossible cause: maybe a semicolon is missing before `value Parquet'?"}],"reset":false})[0m
[0m[[0m[31merror[0m] [0m[0mC:\Users\98jjm\OneDrive\Documents\_VSCODE\Cognizant_Use_Case\cognizantUseCase\src\main\scala\example\main.scala:46:10: value Parquet is not a member of org.apache.spark.sql.DataFrameWriter[org.apache.spark.sql.Row][0m
[0m[[0m[31merror[0m] [0m[0mpossible cause: maybe a semicolon is missing before `value Parquet'?[0m
[0m[[0m[31merror[0m] [0m[0m        .Parquet(s"$folderPath")[0m
[0m[[0m[31merror[0m] [0m[0m         ^[0m
[0m[[0m[0mdebug[0m] [0m[0mjsonRpcNotify: JsonRpcNotificationMessage(2.0, build/logMessage, {"type":1,"message":"C:\\Users\\98jjm\\OneDrive\\Documents\\_VSCODE\\Cognizant_Use_Case\\cognizantUseCase\\src\\main\\scala\\example\\main.scala:46:10: value Parquet is not a member of org.apache.spark.sql.DataFrameWriter[org.apache.spark.sql.Row]\npossible cause: maybe a semicolon is missing before `value Parquet'?"})[0m
[0m[[0m[0mdebug[0m] [0m[0mjsonRpcNotify: JsonRpcNotificationMessage(2.0, build/logMessage, {"type":1,"message":"        .Parquet(s\"$folderPath\")"})[0m
[0m[[0m[0mdebug[0m] [0m[0mjsonRpcNotify: JsonRpcNotificationMessage(2.0, build/logMessage, {"type":1,"message":"         ^"})[0m
[0m[[0m[31merror[0m] [0m[0mtwo errors found[0m
[0m[[0m[0mdebug[0m] [0m[0mjsonRpcNotify: JsonRpcNotificationMessage(2.0, build/logMessage, {"type":1,"message":"two errors found"})[0m
[0m[[0m[0mdebug[0m] [0m[0mjsonRpcNotify: JsonRpcNotificationMessage(2.0, build/publishDiagnostics, {"textDocument":{"uri":"file:///C:/Users/98jjm/OneDrive/Documents/_VSCODE/Cognizant_Use_Case/cognizantUseCase/src/main/scala/example/main.scala"},"buildTarget":{"uri":"file:/C:/Users/98jjm/OneDrive/Documents/_VSCODE/Cognizant_Use_Case/cognizantUseCase/#root/Compile"},"diagnostics":[{"range":{"start":{"line":25,"character":14},"end":{"line":25,"character":15}},"severity":1,"source":"sbt","message":"not found: value SparkSession"},{"range":{"start":{"line":45,"character":9},"end":{"line":45,"character":10}},"severity":1,"source":"sbt","message":"value Parquet is not a member of org.apache.spark.sql.DataFrameWriter[org.apache.spark.sql.Row]\npossible cause: maybe a semicolon is missing before `value Parquet'?"}],"reset":true})[0m
[0m[[0m[0mdebug[0m] [0m[0mjsonRpcNotify: JsonRpcNotificationMessage(2.0, build/taskFinish, {"taskId":{"id":"3","parents":[]},"eventTime":1646429611789,"message":"Compiled root","status":2,"dataKind":"compile-report","data":{"target":{"uri":"file:/C:/Users/98jjm/OneDrive/Documents/_VSCODE/Cognizant_Use_Case/cognizantUseCase/#root/Compile"},"errors":2,"warnings":0,"time":9750}})[0m
[0m[[0m[0mdebug[0m] [0m[0munmatched json error for requestId None: {"code":-32603,"message":"(Compile / \u001b[31mcompileIncremental\u001b[0m) Compilation failed"}[0m
[0m[[0m[31merror[0m] [0m[0m(Compile / [31mcompileIncremental[0m) Compilation failed[0m
[0m[[0m[0mdebug[0m] [0m[0mjsonRpcNotify: JsonRpcNotificationMessage(2.0, build/logMessage, {"type":1,"message":"(Compile / \u001b[31mcompileIncremental\u001b[0m) Compilation failed"})[0m
[0m[[0m[31merror[0m] [0m[0mTotal time: 10 s, completed Mar 4, 2022, 4:33:31 PM[0m
[0m[[0m[0mdebug[0m] [0m[0munmatched Done event for requestId None: None[0m
[0m[[0m[0mdebug[0m] [0m[0m> Exec(shell, None, None)[0m
[0m[[0m[0mdebug[0m] [0m[0mForcing garbage collection...[0m
[0m[[0m[0mdebug[0m] [0m[0mUnhandled notification received: $/setTraceNotification: JsonRpcNotificationMessage(2.0, $/setTraceNotification, {"value":"off"})[0m
[0m[[0m[0mdebug[0m] [0m[0mUnhandled request received: shutdown: JsonRpcRequestMessage(2.0, ♨1, shutdown, null})[0m
