[0m[[0m[0mdebug[0m] [0m[0m> Exec(;Test/compile; collectAnalyses, None, Some(CommandSource(network-1)))[0m
[0m[[0m[0mdebug[0m] [0m[0munmatched Processing event for requestId None: None[0m
[0m[[0m[0mdebug[0m] [0m[0munmatched Done event for requestId None: None[0m
[0m[[0m[0mdebug[0m] [0m[0m> Exec(Test/compile, None, Some(CommandSource(network-1)))[0m
[0m[[0m[0mdebug[0m] [0m[0munmatched Processing event for requestId None: None[0m
[0m[[0m[0mdebug[0m] [0m[0mEvaluating tasks: Test / compile[0m
[0m[[0m[0mdebug[0m] [0m[0mRunning task... Cancel: Signal, check cycles: false, forcegc: true[0m
[0m[[0m[0mdebug[0m] [0m[0mjsonRpcNotify: JsonRpcNotificationMessage(2.0, build/taskStart, {"taskId":{"id":"13","parents":[]},"eventTime":1646429274054,"message":"Compiling root","dataKind":"compile-task","data":{"target":{"uri":"file:/C:/Users/98jjm/OneDrive/Documents/_VSCODE/Cognizant_Use_Case/cognizantUseCase/#root/Compile"}}})[0m
[0m[[0m[0minfo[0m] [0m[0mcompiling 1 Scala source to C:\Users\98jjm\OneDrive\Documents\_VSCODE\Cognizant_Use_Case\cognizantUseCase\target\scala-2.13\classes ...[0m
[0m[[0m[0mdebug[0m] [0m[0mjsonRpcNotify: JsonRpcNotificationMessage(2.0, build/logMessage, {"type":3,"message":"compiling 1 Scala source to C:\\Users\\98jjm\\OneDrive\\Documents\\_VSCODE\\Cognizant_Use_Case\\cognizantUseCase\\target\\scala-2.13\\classes ..."})[0m
[0m[[0m[0mdebug[0m] [0m[0mjsonRpcNotify: JsonRpcNotificationMessage(2.0, build/publishDiagnostics, {"textDocument":{"uri":"file:///C:/Users/98jjm/OneDrive/Documents/_VSCODE/Cognizant_Use_Case/cognizantUseCase/src/main/scala/example/main.scala"},"buildTarget":{"uri":"file:/C:/Users/98jjm/OneDrive/Documents/_VSCODE/Cognizant_Use_Case/cognizantUseCase/#root/Compile"},"diagnostics":[{"range":{"start":{"line":10,"character":7},"end":{"line":10,"character":17}},"severity":1,"source":"sbt","message":"object apache is not a member of package org"}],"reset":false})[0m
[0m[[0m[31merror[0m] [0m[0mC:\Users\98jjm\OneDrive\Documents\_VSCODE\Cognizant_Use_Case\cognizantUseCase\src\main\scala\example\main.scala:11:12: object apache is not a member of package org[0m
[0m[[0m[31merror[0m] [0m[0mimport org.apache.spark.sql.{Row, DataFrame}[0m
[0m[[0m[31merror[0m] [0m[0m           ^[0m
[0m[[0m[0mdebug[0m] [0m[0mjsonRpcNotify: JsonRpcNotificationMessage(2.0, build/logMessage, {"type":1,"message":"C:\\Users\\98jjm\\OneDrive\\Documents\\_VSCODE\\Cognizant_Use_Case\\cognizantUseCase\\src\\main\\scala\\example\\main.scala:11:12: object apache is not a member of package org"})[0m
[0m[[0m[0mdebug[0m] [0m[0mjsonRpcNotify: JsonRpcNotificationMessage(2.0, build/logMessage, {"type":1,"message":"import org.apache.spark.sql.{Row, DataFrame}"})[0m
[0m[[0m[0mdebug[0m] [0m[0mjsonRpcNotify: JsonRpcNotificationMessage(2.0, build/logMessage, {"type":1,"message":"           ^"})[0m
[0m[[0m[0mdebug[0m] [0m[0mjsonRpcNotify: JsonRpcNotificationMessage(2.0, build/publishDiagnostics, {"textDocument":{"uri":"file:///C:/Users/98jjm/OneDrive/Documents/_VSCODE/Cognizant_Use_Case/cognizantUseCase/src/main/scala/example/main.scala"},"buildTarget":{"uri":"file:/C:/Users/98jjm/OneDrive/Documents/_VSCODE/Cognizant_Use_Case/cognizantUseCase/#root/Compile"},"diagnostics":[{"range":{"start":{"line":25,"character":14},"end":{"line":25,"character":26}},"severity":1,"source":"sbt","message":"not found: value SparkSession"}],"reset":false})[0m
[0m[[0m[31merror[0m] [0m[0mC:\Users\98jjm\OneDrive\Documents\_VSCODE\Cognizant_Use_Case\cognizantUseCase\src\main\scala\example\main.scala:26:15: not found: value SparkSession[0m
[0m[[0m[31merror[0m] [0m[0m  val spark = SparkSession[0m
[0m[[0m[31merror[0m] [0m[0m              ^[0m
[0m[[0m[0mdebug[0m] [0m[0mjsonRpcNotify: JsonRpcNotificationMessage(2.0, build/logMessage, {"type":1,"message":"C:\\Users\\98jjm\\OneDrive\\Documents\\_VSCODE\\Cognizant_Use_Case\\cognizantUseCase\\src\\main\\scala\\example\\main.scala:26:15: not found: value SparkSession"})[0m
[0m[[0m[0mdebug[0m] [0m[0mjsonRpcNotify: JsonRpcNotificationMessage(2.0, build/logMessage, {"type":1,"message":"  val spark = SparkSession"})[0m
[0m[[0m[0mdebug[0m] [0m[0mjsonRpcNotify: JsonRpcNotificationMessage(2.0, build/logMessage, {"type":1,"message":"              ^"})[0m
[0m[[0m[0mdebug[0m] [0m[0mjsonRpcNotify: JsonRpcNotificationMessage(2.0, build/publishDiagnostics, {"textDocument":{"uri":"file:///C:/Users/98jjm/OneDrive/Documents/_VSCODE/Cognizant_Use_Case/cognizantUseCase/src/main/scala/example/main.scala"},"buildTarget":{"uri":"file:/C:/Users/98jjm/OneDrive/Documents/_VSCODE/Cognizant_Use_Case/cognizantUseCase/#root/Compile"},"diagnostics":[{"range":{"start":{"line":40,"character":19},"end":{"line":40,"character":28}},"severity":1,"source":"sbt","message":"not found: type DataFrame"}],"reset":false})[0m
[0m[[0m[31merror[0m] [0m[0mC:\Users\98jjm\OneDrive\Documents\_VSCODE\Cognizant_Use_Case\cognizantUseCase\src\main\scala\example\main.scala:41:20: not found: type DataFrame[0m
[0m[[0m[31merror[0m] [0m[0m  def storeCSV(df: DataFrame, folderPath: String): Unit = {[0m
[0m[[0m[31merror[0m] [0m[0m                   ^[0m
[0m[[0m[0mdebug[0m] [0m[0mjsonRpcNotify: JsonRpcNotificationMessage(2.0, build/logMessage, {"type":1,"message":"C:\\Users\\98jjm\\OneDrive\\Documents\\_VSCODE\\Cognizant_Use_Case\\cognizantUseCase\\src\\main\\scala\\example\\main.scala:41:20: not found: type DataFrame"})[0m
[0m[[0m[0mdebug[0m] [0m[0mjsonRpcNotify: JsonRpcNotificationMessage(2.0, build/logMessage, {"type":1,"message":"  def storeCSV(df: DataFrame, folderPath: String): Unit = {"})[0m
[0m[[0m[0mdebug[0m] [0m[0mjsonRpcNotify: JsonRpcNotificationMessage(2.0, build/logMessage, {"type":1,"message":"                   ^"})[0m
[0m[[0m[0mdebug[0m] [0m[0mjsonRpcNotify: JsonRpcNotificationMessage(2.0, build/taskProgress, {"taskId":{"id":"13","parents":[]},"eventTime":1646429274131,"message":"Compiling root (15%)","total":26,"progress":15,"dataKind":"compile-progress","data":{"target":{"uri":"file:/C:/Users/98jjm/OneDrive/Documents/_VSCODE/Cognizant_Use_Case/cognizantUseCase/#root/Compile"}}})[0m
[0m[[0m[0mdebug[0m] [0m[0mjsonRpcNotify: JsonRpcNotificationMessage(2.0, build/taskProgress, {"taskId":{"id":"13","parents":[]},"eventTime":1646429274131,"message":"Compiling root (15%)","total":26,"progress":15,"dataKind":"compile-progress","data":{"target":{"uri":"file:/C:/Users/98jjm/OneDrive/Documents/_VSCODE/Cognizant_Use_Case/cognizantUseCase/#root/Compile"}}})[0m
[0m[[0m[31merror[0m] [0m[0mthree errors found[0m
[0m[[0m[0mdebug[0m] [0m[0mjsonRpcNotify: JsonRpcNotificationMessage(2.0, build/logMessage, {"type":1,"message":"three errors found"})[0m
[0m[[0m[0mdebug[0m] [0m[0mjsonRpcNotify: JsonRpcNotificationMessage(2.0, build/publishDiagnostics, {"textDocument":{"uri":"file:///C:/Users/98jjm/OneDrive/Documents/_VSCODE/Cognizant_Use_Case/cognizantUseCase/src/main/scala/example/main.scala"},"buildTarget":{"uri":"file:/C:/Users/98jjm/OneDrive/Documents/_VSCODE/Cognizant_Use_Case/cognizantUseCase/#root/Compile"},"diagnostics":[{"range":{"start":{"line":10,"character":7},"end":{"line":10,"character":17}},"severity":1,"source":"sbt","message":"object apache is not a member of package org"},{"range":{"start":{"line":25,"character":14},"end":{"line":25,"character":26}},"severity":1,"source":"sbt","message":"not found: value SparkSession"},{"range":{"start":{"line":40,"character":19},"end":{"line":40,"character":28}},"severity":1,"source":"sbt","message":"not found: type DataFrame"}],"reset":true})[0m
[0m[[0m[0mdebug[0m] [0m[0mjsonRpcNotify: JsonRpcNotificationMessage(2.0, build/taskFinish, {"taskId":{"id":"13","parents":[]},"eventTime":1646429274134,"message":"Compiled root","status":2,"dataKind":"compile-report","data":{"target":{"uri":"file:/C:/Users/98jjm/OneDrive/Documents/_VSCODE/Cognizant_Use_Case/cognizantUseCase/#root/Compile"},"errors":3,"warnings":0,"time":80}})[0m
[0m[[0m[0mdebug[0m] [0m[0munmatched json error for requestId None: {"code":-32603,"message":"(Compile / \u001b[31mcompileIncremental\u001b[0m) Compilation failed"}[0m
[0m[[0m[31merror[0m] [0m[0m(Compile / [31mcompileIncremental[0m) Compilation failed[0m
[0m[[0m[0mdebug[0m] [0m[0mjsonRpcNotify: JsonRpcNotificationMessage(2.0, build/logMessage, {"type":1,"message":"(Compile / \u001b[31mcompileIncremental\u001b[0m) Compilation failed"})[0m
[0m[[0m[31merror[0m] [0m[0mTotal time: 0 s, completed Mar 4, 2022, 4:27:54 PM[0m
[0m[[0m[0mdebug[0m] [0m[0munmatched Done event for requestId None: None[0m
[0m[[0m[0mdebug[0m] [0m[0m> Exec(shell, None, None)[0m
[0m[[0m[0mdebug[0m] [0m[0mUnhandled request received: shutdown: JsonRpcRequestMessage(2.0, ♨12, shutdown, null})[0m
